Msg sent sucessfully. Clock: 0 msg from GX
Msg sent sucessfully. Clock: 1 msg from GCR
Msg sent sucessfully. Clock: 0 msg from GX
Msg sent sucessfully. Clock: 1 msg from HKX
Msg sent sucessfully. Clock: 0 msg from GX
Msg sent sucessfully. Clock: 1 msg from LXP
Msg sent sucessfully. Clock: 0 msg from GX
Msg sent sucessfully. Clock: 1 msg from GXY
Msg sent sucessfully. Clock: 5 msg from GX
Msg sent sucessfully. Clock: 5 msg from GX
Msg sent sucessfully. Clock: 5 msg from GX
Msg sent sucessfully. Clock: 5 msg from GX
Msg sent sucessfully. Clock: 0 msg from GXY
Msg sent sucessfully. Clock: 1 msg from GX
Msg sent sucessfully. Clock: 0 msg from GX
Msg sent sucessfully. Clock: 1 msg from GCR
Msg sent sucessfully. Clock: 0 msg from GX
Msg sent sucessfully. Clock: 1 msg from HKX
Msg sent sucessfully. Clock: 0 msg from GX
Msg sent sucessfully. Clock: 1 msg from LXP
Msg sent sucessfully. Clock: 2 msg from GXY
Msg sent sucessfully. Clock: 0 msg from GX
Msg sent sucessfully. Clock: 3 msg from GXY
Msg sent sucessfully. Clock: 6 msg from GX
Msg sent sucessfully. Clock: 0 msg from GX
Msg sent sucessfully. Clock: 1 msg from GCR
Msg sent sucessfully. Clock: 0 msg from GX
Msg sent sucessfully. Clock: 1 msg from HKX
Msg sent sucessfully. Clock: 0 msg from GX
Msg sent sucessfully. Clock: 1 msg from LXP
Msg sent sucessfully. Clock: 0 msg from GXY
Msg sent sucessfully. Clock: 5 msg from GX
Msg sent sucessfully. Clock: 0 msg from GX
Msg sent sucessfully. Clock: 7 msg from GXY
Msg sent sucessfully. Clock: 8 msg from GX
Msg sent sucessfully. Clock: 7 msg from GXY
Msg sent sucessfully. Clock: 8 msg from GX
Msg sent sucessfully. Clock: 8 msg from GX
Msg sent sucessfully. Clock: 8 msg from GX
Msg sent sucessfully. Clock: 0 msg from GX
Msg sent sucessfully. Clock: 1 msg from GCR
Msg sent sucessfully. Clock: 0 msg from GX
Msg sent sucessfully. Clock: 1 msg from HKX
Msg sent sucessfully. Clock: 0 msg from GXY
Msg sent sucessfully. Clock: 4 msg from GX
Msg sent sucessfully. Clock: 0 msg from GX
Msg sent sucessfully. Clock: 1 msg from LXP
Msg sent sucessfully. Clock: 0 msg from GX
Msg sent sucessfully. Clock: 6 msg from GXY
Msg sent sucessfully. Clock: 6 msg from GXY
Msg sent sucessfully. Clock: 8 msg from GX
Msg sent sucessfully. Clock: 8 msg from GX
Msg sent sucessfully. Clock: 8 msg from GX
Msg sent sucessfully. Clock: 8 msg from GX
Msg sent sucessfully. Clock: 0 msg from GX
Msg sent sucessfully. Clock: 1 msg from GCR
Msg sent sucessfully. Clock: 0 msg from GXY
Msg sent sucessfully. Clock: 3 msg from GX
Msg sent sucessfully. Clock: 0 msg from GX
Msg sent sucessfully. Clock: 1 msg from HKX
Msg sent sucessfully. Clock: 0 msg from GX
Msg sent sucessfully. Clock: 1 msg from LXP
Msg sent sucessfully. Clock: 0 msg from GX
Msg sent sucessfully. Clock: 5 msg from GXY
Msg sent sucessfully. Clock: 4 msg from GXY
Msg sent sucessfully. Clock: 7 msg from GX
Msg sent sucessfully. Clock: 7 msg from GX
Msg sent sucessfully. Clock: 7 msg from GX
Msg sent sucessfully. Clock: 7 msg from GX
Msg sent sucessfully. Clock: 0 msg from GXY
Msg sent sucessfully. Clock: 1 msg from GX
Msg sent sucessfully. Clock: 0 msg from GX
Msg sent sucessfully. Clock: 1 msg from GCR
Msg sent sucessfully. Clock: 0 msg from GX
Msg sent sucessfully. Clock: 1 msg from HKX
Msg sent sucessfully. Clock: 0 msg from GX
Msg sent sucessfully. Clock: 1 msg from LXP
Msg sent sucessfully. Clock: 2 msg from GXY
Msg sent sucessfully. Clock: 0 msg from GX
Msg sent sucessfully. Clock: 3 msg from GXY
Msg sent sucessfully. Clock: 6 msg from GX
Msg sent sucessfully. Clock: 6 msg from GX
Msg sent sucessfully. Clock: 6 msg from GX
Msg sent sucessfully. Clock: 6 msg from GX